=/pretest.json
{
  _: [],
  f: [
    '/home/runner/work/exp-merge-sort-iiith/exp-merge-sort-iiith/experiment/pretest.json'
  ],
  files: [
    '/home/runner/work/exp-merge-sort-iiith/exp-merge-sort-iiith/experiment/pretest.json'
  ],
  c: 'assessment',
  contentTypes: 'assessment',
  'content-types': 'assessment',
  '$0': 'validate'
}
/questions/3/difficulty: Difficulty can only be: beginner, intermediate or advanced

Json Error: must match "then" schema
Json Error: must match "then" schema
Failed while validating /home/runner/work/exp-merge-sort-iiith/exp-merge-sort-iiith/experiment/pretest.json
Error: Schema is Invalid
=/divide-and-conquer/divide-and-conquer-quiz.json
{
  _: [],
  f: [
    '/home/runner/work/exp-merge-sort-iiith/exp-merge-sort-iiith/experiment/divide-and-conquer/divide-and-conquer-quiz.json'
  ],
  files: [
    '/home/runner/work/exp-merge-sort-iiith/exp-merge-sort-iiith/experiment/divide-and-conquer/divide-and-conquer-quiz.json'
  ],
  c: 'assessment',
  contentTypes: 'assessment',
  'content-types': 'assessment',
  '$0': 'validate'
}
/questions/0/difficulty: Difficulty can only be: beginner, intermediate or advanced

/questions/1/difficulty: Difficulty can only be: beginner, intermediate or advanced

Json Error: must match "then" schema
Json Error: must match "then" schema
Failed while validating /home/runner/work/exp-merge-sort-iiith/exp-merge-sort-iiith/experiment/divide-and-conquer/divide-and-conquer-quiz.json
Error: Schema is Invalid
=/merge-sort-algorithm/merge-sort-quiz.json
{
  _: [],
  f: [
    '/home/runner/work/exp-merge-sort-iiith/exp-merge-sort-iiith/experiment/merge-sort-algorithm/merge-sort-quiz.json'
  ],
  files: [
    '/home/runner/work/exp-merge-sort-iiith/exp-merge-sort-iiith/experiment/merge-sort-algorithm/merge-sort-quiz.json'
  ],
  c: 'assessment',
  contentTypes: 'assessment',
  'content-types': 'assessment',
  '$0': 'validate'
}
Validated true
=/analysis/analysis-quiz.json
{
  _: [],
  f: [
    '/home/runner/work/exp-merge-sort-iiith/exp-merge-sort-iiith/experiment/analysis/analysis-quiz.json'
  ],
  files: [
    '/home/runner/work/exp-merge-sort-iiith/exp-merge-sort-iiith/experiment/analysis/analysis-quiz.json'
  ],
  c: 'assessment',
  contentTypes: 'assessment',
  'content-types': 'assessment',
  '$0': 'validate'
}
Validated true
=/posttest.json
{
  _: [],
  f: [
    '/home/runner/work/exp-merge-sort-iiith/exp-merge-sort-iiith/experiment/posttest.json'
  ],
  files: [
    '/home/runner/work/exp-merge-sort-iiith/exp-merge-sort-iiith/experiment/posttest.json'
  ],
  c: 'assessment',
  contentTypes: 'assessment',
  'content-types': 'assessment',
  '$0': 'validate'
}
Validated true
