feedback.html     http://outreach.vlabs.ac.in/
further-reading-and-references.html     http://outreach.vlabs.ac.in/
index.html     http://outreach.vlabs.ac.in/
overview.html     http://outreach.vlabs.ac.in/
posttest.html     http://outreach.vlabs.ac.in/
pretest.html     http://outreach.vlabs.ac.in/
performance-report.html     http://vlab.co.in
validator-report.html     http://vlab.co.in
recap.html     http://outreach.vlabs.ac.in/
analysis/analysis-quiz.html     http://outreach.vlabs.ac.in/
analysis/comparison-with-other-algorithms.html     http://outreach.vlabs.ac.in/
analysis/index.html     http://outreach.vlabs.ac.in/
analysis/overview.html     http://outreach.vlabs.ac.in/
analysis/stable-and-comparison-sort.html     http://outreach.vlabs.ac.in/
analysis/time-and-space-complexity.html     http://outreach.vlabs.ac.in/
divide-and-conquer/divide-and-conquer-quiz.html     http://outreach.vlabs.ac.in/
divide-and-conquer/index.html     http://outreach.vlabs.ac.in/
divide-and-conquer/sorting-as-a-d-and-c-problem.html     http://outreach.vlabs.ac.in/
divide-and-conquer/what-is-divide-and-conquer.html     http://outreach.vlabs.ac.in/
merge-sort-algorithm/concept-of-merge-sort.html     http://outreach.vlabs.ac.in/
merge-sort-algorithm/index.html     http://outreach.vlabs.ac.in/
merge-sort-algorithm/merge-sort-quiz.html     http://outreach.vlabs.ac.in/
